*** Using Compiler 'V5.06 update 7 (build 960)', folder: 'F:\KEIL5\ARM\ARM_Compiler_5.06u7\Bin'
Build target 'motor_control'
assembling startup_stm32f407xx.s...
compiling bsp_usart.c...
..\Core\Src\bsp_usart.c(14): error:  #5: cannot open source input file "bsp_uart.h": No such file or directory
  #include "bsp_uart.h"
..\Core\Src\bsp_usart.c: 0 warnings, 1 error
compiling dma.c...
compiling gpio.c...
compiling stm32f4xx_it.c...
compiling bsp_can.c...
..\Core\Src\bsp_can.c(237): warning:  #550-D: variable "omega"  was set but never used
  {uint16_t omega=0x0000;
..\Core\Src\bsp_can.c(238): warning:  #550-D: variable "theta"  was set but never used
  uint16_t theta=0x0000;
..\Core\Src\bsp_can.c(239): warning:  #550-D: variable "torque"  was set but never used
  uint16_t torque=0x0000;
..\Core\Src\bsp_can.c(240): warning:  #550-D: variable "temperaure"  was set but never used
  uint8_t temperaure=0x00;
..\Core\Src\bsp_can.c: 4 warnings, 0 errors
compiling main.c...
compiling stm32f4xx_hal_msp.c...
compiling stm32f4xx_hal_flash_ex.c...
compiling can.c...
compiling usart.c...
compiling stm32f4xx_hal_flash.c...
compiling stm32f4xx_hal_rcc_ex.c...
compiling stm32f4xx_hal_rcc.c...
compiling stm32f4xx_hal_can.c...
compiling stm32f4xx_hal_flash_ramfunc.c...
compiling stm32f4xx_hal_pwr_ex.c...
compiling stm32f4xx_hal_tim_ex.c...
compiling stm32f4xx_hal_exti.c...
compiling stm32f4xx_hal_tim.c...
compiling stm32f4xx_hal_cortex.c...
compiling system_stm32f4xx.c...
compiling stm32f4xx_hal.c...
compiling stm32f4xx_hal_gpio.c...
compiling stm32f4xx_hal_pwr.c...
compiling stm32f4xx_hal_dma.c...
compiling stm32f4xx_hal_dma_ex.c...
compiling stm32f4xx_hal_uart.c...
"motor_control\motor_control.axf" - 1 Error(s), 4 Warning(s).
Target not created.
Build Time Elapsed:  00:00:11
